Can't locate config.pl in @INC (@INC contains: /etc/perl /usr/local/lib/perl/5.14.2 /usr/local/share/perl/5.14.2 /usr/lib/perl5 /usr/share/perl5 /usr/lib/perl/5.14 /usr/share/perl/5.14 /usr/local/lib/site_perl .) at ./pingCheckUpdates.pl line 8.
0 UPDATE attrition SET strPingData='174.36.44.75-static.reverse.softlayer.com (174.36.44.75)' WHERE intSiteID='3479' ...
1 UPDATE attrition SET strPingData='' WHERE intSiteID='3485' ...
2 UPDATE attrition SET strPingData='' WHERE intSiteID='3501' ...
3 UPDATE attrition SET strPingData='' WHERE intSiteID='3577' ...
4 UPDATE attrition SET strPingData='' WHERE intSiteID='3578' ...
5 UPDATE attrition SET strPingData='' WHERE intSiteID='3635' ...
6 UPDATE attrition SET strPingData='' WHERE intSiteID='3646' ...
7 UPDATE attrition SET strPingData='' WHERE intSiteID='3652' ...
8 UPDATE attrition SET strPingData='185.7.176.166' WHERE intSiteID='3674' ...
9 UPDATE attrition SET strPingData='' WHERE intSiteID='3700' ...
10 UPDATE attrition SET strPingData='' WHERE intSiteID='3702' ...
11 UPDATE attrition SET strPingData='' WHERE intSiteID='3704' ...
12 UPDATE attrition SET strPingData='' WHERE intSiteID='3715' ...
13 UPDATE attrition SET strPingData='' WHERE intSiteID='3733' ...
14 UPDATE attrition SET strPingData='' WHERE intSiteID='3745' ...
15 UPDATE attrition SET strPingData='' WHERE intSiteID='3750' ...
16 UPDATE attrition SET strPingData='' WHERE intSiteID='3777' ...
17 UPDATE attrition SET strPingData='' WHERE intSiteID='3778' ...
18 UPDATE attrition SET strPingData='' WHERE intSiteID='3780' ...
19 UPDATE attrition SET strPingData='' WHERE intSiteID='3782' ...
20 UPDATE attrition SET strPingData='' WHERE intSiteID='3786' ...
21 UPDATE attrition SET strPingData='' WHERE intSiteID='3813' ...
22 UPDATE attrition SET strPingData='' WHERE intSiteID='3816' ...
23 UPDATE attrition SET strPingData='' WHERE intSiteID='3825' ...
24 UPDATE attrition SET strPingData='' WHERE intSiteID='3841' ...
25 UPDATE attrition SET strPingData='' WHERE intSiteID='3844' ...
26 UPDATE attrition SET strPingData='' WHERE intSiteID='3854' ...
27 UPDATE attrition SET strPingData='' WHERE intSiteID='3858' ...
28 UPDATE attrition SET strPingData='' WHERE intSiteID='3863' ...
29 UPDATE attrition SET strPingData='' WHERE intSiteID='3878' ...
30 UPDATE attrition SET strPingData='' WHERE intSiteID='3908' ...
31 UPDATE attrition SET strPingData='' WHERE intSiteID='3911' ...
32 UPDATE attrition SET strPingData='' WHERE intSiteID='3912' ...
33 UPDATE attrition SET strPingData='' WHERE intSiteID='3915' ...
34 UPDATE attrition SET strPingData='' WHERE intSiteID='3938' ...
35 UPDATE attrition SET strPingData='' WHERE intSiteID='3943' ...
36 UPDATE attrition SET strPingData='' WHERE intSiteID='3945' ...
37 UPDATE attrition SET strPingData='' WHERE intSiteID='3948' ...
38 UPDATE attrition SET strPingData='' WHERE intSiteID='3949' ...
39 UPDATE attrition SET strPingData='' WHERE intSiteID='3953' ...
40 UPDATE attrition SET strPingData='' WHERE intSiteID='3956' ...
41 UPDATE attrition SET strPingData='' WHERE intSiteID='3960' ...
42 UPDATE attrition SET strPingData='' WHERE intSiteID='4007' ...
43 UPDATE attrition SET strPingData='' WHERE intSiteID='4022' ...
44 UPDATE attrition SET strPingData='' WHERE intSiteID='4032' ...
45 UPDATE attrition SET strPingData='' WHERE intSiteID='4036' ...
46 UPDATE attrition SET strPingData='' WHERE intSiteID='4040' ...
47 UPDATE attrition SET strPingData='' WHERE intSiteID='4045' ...
48 UPDATE attrition SET strPingData='' WHERE intSiteID='4067' ...
49 UPDATE attrition SET strPingData='' WHERE intSiteID='4070' ...
50 UPDATE attrition SET strPingData='' WHERE intSiteID='4095' ...
51 UPDATE attrition SET strPingData='' WHERE intSiteID='4120' ...
52 UPDATE attrition SET strPingData='' WHERE intSiteID='4138' ...
53 UPDATE attrition SET strPingData='' WHERE intSiteID='4145' ...
54 UPDATE attrition SET strPingData='' WHERE intSiteID='4148' ...
55 UPDATE attrition SET strPingData='' WHERE intSiteID='4153' ...
56 UPDATE attrition SET strPingData='' WHERE intSiteID='4160' ...
57 UPDATE attrition SET strPingData='' WHERE intSiteID='4194' ...
58 UPDATE attrition SET strPingData='' WHERE intSiteID='4197' ...
59 UPDATE attrition SET strPingData='' WHERE intSiteID='4210' ...
60 UPDATE attrition SET strPingData='' WHERE intSiteID='4229' ...
61 UPDATE attrition SET strPingData='' WHERE intSiteID='4230' ...
62 UPDATE attrition SET strPingData='' WHERE intSiteID='4231' ...
63 UPDATE attrition SET strPingData='' WHERE intSiteID='4252' ...
64 UPDATE attrition SET strPingData='' WHERE intSiteID='4283' ...
65 UPDATE attrition SET strPingData='' WHERE intSiteID='4309' ...
66 UPDATE attrition SET strPingData='' WHERE intSiteID='4329' ...
67 UPDATE attrition SET strPingData='' WHERE intSiteID='4332' ...
68 UPDATE attrition SET strPingData='' WHERE intSiteID='4365' ...
69 UPDATE attrition SET strPingData='' WHERE intSiteID='4366' ...
70 UPDATE attrition SET strPingData='' WHERE intSiteID='4368' ...
71 UPDATE attrition SET strPingData='' WHERE intSiteID='4413' ...
72 UPDATE attrition SET strPingData='' WHERE intSiteID='4446' ...
73 UPDATE attrition SET strPingData='' WHERE intSiteID='4447' ...
74 UPDATE attrition SET strPingData='' WHERE intSiteID='4457' ...
75 UPDATE attrition SET strPingData='' WHERE intSiteID='4459' ...
76 UPDATE attrition SET strPingData='' WHERE intSiteID='4464' ...
77 UPDATE attrition SET strPingData='' WHERE intSiteID='4469' ...
78 UPDATE attrition SET strPingData='' WHERE intSiteID='4470' ...
79 UPDATE attrition SET strPingData='' WHERE intSiteID='4494' ...
80 UPDATE attrition SET strPingData='' WHERE intSiteID='4501' ...
81 UPDATE attrition SET strPingData='' WHERE intSiteID='4503' ...
82 UPDATE attrition SET strPingData='' WHERE intSiteID='4532' ...
83 UPDATE attrition SET strPingData='' WHERE intSiteID='4541' ...
84 UPDATE attrition SET strPingData='' WHERE intSiteID='4543' ...
85 UPDATE attrition SET strPingData='' WHERE intSiteID='4578' ...
86 UPDATE attrition SET strPingData='' WHERE intSiteID='4590' ...
87 UPDATE attrition SET strPingData='' WHERE intSiteID='4605' ...
88 UPDATE attrition SET strPingData='' WHERE intSiteID='4616' ...
89 UPDATE attrition SET strPingData='' WHERE intSiteID='4622' ...
90 UPDATE attrition SET strPingData='' WHERE intSiteID='4666' ...
91 UPDATE attrition SET strPingData='' WHERE intSiteID='4701' ...
92 UPDATE attrition SET strPingData='' WHERE intSiteID='4712' ...
93 UPDATE attrition SET strPingData='' WHERE intSiteID='4714' ...
94 UPDATE attrition SET strPingData='' WHERE intSiteID='4768' ...
95 UPDATE attrition SET strPingData='' WHERE intSiteID='4791' ...
96 UPDATE attrition SET strPingData='' WHERE intSiteID='4799' ...
97 UPDATE attrition SET strPingData='' WHERE intSiteID='4835' ...
98 UPDATE attrition SET strPingData='' WHERE intSiteID='4870' ...
99 UPDATE attrition SET strPingData='' WHERE intSiteID='4906' ...
100 UPDATE attrition SET strPingData='' WHERE intSiteID='4916' ...
101 UPDATE attrition SET strPingData='' WHERE intSiteID='4919' ...
102 UPDATE attrition SET strPingData='apache2-sith.early.dreamhost.com (208.113.172.203)' WHERE intSiteID='4931' ...
103 UPDATE attrition SET strPingData='' WHERE intSiteID='4935' ...
104 UPDATE attrition SET strPingData='' WHERE intSiteID='4936' ...
105 UPDATE attrition SET strPingData='' WHERE intSiteID='4950' ...
106 UPDATE attrition SET strPingData='' WHERE intSiteID='4960' ...
107 UPDATE attrition SET strPingData='' WHERE intSiteID='4962' ...
108 UPDATE attrition SET strPingData='' WHERE intSiteID='5002' ...
109 UPDATE attrition SET strPingData='' WHERE intSiteID='5008' ...
110 UPDATE attrition SET strPingData='' WHERE intSiteID='5011' ...
111 UPDATE attrition SET strPingData='' WHERE intSiteID='5041' ...
112 UPDATE attrition SET strPingData='' WHERE intSiteID='5052' ...
113 UPDATE attrition SET strPingData='' WHERE intSiteID='5054' ...
114 UPDATE attrition SET strPingData='' WHERE intSiteID='5061' ...
115 UPDATE attrition SET strPingData='' WHERE intSiteID='5082' ...
116 UPDATE attrition SET strPingData='' WHERE intSiteID='5094' ...
117 UPDATE attrition SET strPingData='' WHERE intSiteID='5106' ...
118 UPDATE attrition SET strPingData='' WHERE intSiteID='5111' ...
119 UPDATE attrition SET strPingData='' WHERE intSiteID='5114' ...
120 UPDATE attrition SET strPingData='' WHERE intSiteID='5117' ...
121 UPDATE attrition SET strPingData='' WHERE intSiteID='5186' ...
122 UPDATE attrition SET strPingData='' WHERE intSiteID='5193' ...
123 UPDATE attrition SET strPingData='' WHERE intSiteID='5201' ...
124 UPDATE attrition SET strPingData='' WHERE intSiteID='5234' ...
125 UPDATE attrition SET strPingData='' WHERE intSiteID='5254' ...
126 UPDATE attrition SET strPingData='' WHERE intSiteID='5277' ...
127 UPDATE attrition SET strPingData='' WHERE intSiteID='5309' ...
128 UPDATE attrition SET strPingData='' WHERE intSiteID='5318' ...
129 UPDATE attrition SET strPingData='' WHERE intSiteID='5324' ...
130 UPDATE attrition SET strPingData='' WHERE intSiteID='5328' ...
131 UPDATE attrition SET strPingData='' WHERE intSiteID='5333' ...
132 UPDATE attrition SET strPingData='' WHERE intSiteID='5339' ...
133 UPDATE attrition SET strPingData='' WHERE intSiteID='5376' ...
134 UPDATE attrition SET strPingData='' WHERE intSiteID='5380' ...
135 UPDATE attrition SET strPingData='' WHERE intSiteID='5398' ...
136 UPDATE attrition SET strPingData='' WHERE intSiteID='5404' ...
137 UPDATE attrition SET strPingData='' WHERE intSiteID='5425' ...
138 UPDATE attrition SET strPingData='' WHERE intSiteID='5426' ...
139 UPDATE attrition SET strPingData='' WHERE intSiteID='5437' ...
140 UPDATE attrition SET strPingData='' WHERE intSiteID='5461' ...
141 UPDATE attrition SET strPingData='' WHERE intSiteID='5488' ...
142 UPDATE attrition SET strPingData='' WHERE intSiteID='5489' ...
143 UPDATE attrition SET strPingData='' WHERE intSiteID='5490' ...
144 UPDATE attrition SET strPingData='' WHERE intSiteID='5511' ...
145 UPDATE attrition SET strPingData='' WHERE intSiteID='5531' ...
146 UPDATE attrition SET strPingData='' WHERE intSiteID='5580' ...
147 UPDATE attrition SET strPingData='' WHERE intSiteID='5588' ...
148 UPDATE attrition SET strPingData='' WHERE intSiteID='5620' ...
149 UPDATE attrition SET strPingData='' WHERE intSiteID='5622' ...
150 UPDATE attrition SET strPingData='' WHERE intSiteID='5632' ...
151 UPDATE attrition SET strPingData='' WHERE intSiteID='5649' ...
152 UPDATE attrition SET strPingData='' WHERE intSiteID='5664' ...
153 UPDATE attrition SET strPingData='' WHERE intSiteID='5669' ...
154 UPDATE attrition SET strPingData='' WHERE intSiteID='5673' ...
155 UPDATE attrition SET strPingData='' WHERE intSiteID='5677' ...
156 UPDATE attrition SET strPingData='' WHERE intSiteID='5801' ...
157 UPDATE attrition SET strPingData='' WHERE intSiteID='5809' ...
158 UPDATE attrition SET strPingData='' WHERE intSiteID='5836' ...
159 UPDATE attrition SET strPingData='' WHERE intSiteID='5862' ...
160 UPDATE attrition SET strPingData='' WHERE intSiteID='5879' ...
161 UPDATE attrition SET strPingData='' WHERE intSiteID='5892' ...
162 UPDATE attrition SET strPingData='' WHERE intSiteID='5894' ...
163 UPDATE attrition SET strPingData='' WHERE intSiteID='5897' ...
164 UPDATE attrition SET strPingData='' WHERE intSiteID='5923' ...
165 UPDATE attrition SET strPingData='' WHERE intSiteID='5936' ...
166 UPDATE attrition SET strPingData='' WHERE intSiteID='5955' ...
167 UPDATE attrition SET strPingData='' WHERE intSiteID='5967' ...
168 UPDATE attrition SET strPingData='' WHERE intSiteID='5984' ...
169 UPDATE attrition SET strPingData='' WHERE intSiteID='6036' ...
170 UPDATE attrition SET strPingData='' WHERE intSiteID='6077' ...
171 UPDATE attrition SET strPingData='' WHERE intSiteID='6107' ...
172 UPDATE attrition SET strPingData='' WHERE intSiteID='6108' ...
173 UPDATE attrition SET strPingData='' WHERE intSiteID='6116' ...
174 UPDATE attrition SET strPingData='' WHERE intSiteID='6125' ...
175 UPDATE attrition SET strPingData='' WHERE intSiteID='6160' ...
176 UPDATE attrition SET strPingData='' WHERE intSiteID='6174' ...
177 UPDATE attrition SET strPingData='' WHERE intSiteID='6186' ...
178 UPDATE attrition SET strPingData='' WHERE intSiteID='6195' ...
179 UPDATE attrition SET strPingData='' WHERE intSiteID='6239' ...
180 UPDATE attrition SET strPingData='' WHERE intSiteID='6253' ...
181 UPDATE attrition SET strPingData='' WHERE intSiteID='6282' ...
182 UPDATE attrition SET strPingData='' WHERE intSiteID='6309' ...
183 UPDATE attrition SET strPingData='' WHERE intSiteID='6319' ...
184 UPDATE attrition SET strPingData='' WHERE intSiteID='6321' ...
185 UPDATE attrition SET strPingData='' WHERE intSiteID='6327' ...
186 UPDATE attrition SET strPingData='' WHERE intSiteID='6336' ...
187 UPDATE attrition SET strPingData='' WHERE intSiteID='6343' ...
188 UPDATE attrition SET strPingData='' WHERE intSiteID='6364' ...
189 UPDATE attrition SET strPingData='' WHERE intSiteID='6366' ...
